<?xml version="1.0" encoding="UTF-8"?>
<!-- Generated by org.testng.reporters.JUnitXMLReporter -->
<testsuite ignored="0" hostname="DESKTOP-FF7V3JI" failures="0" tests="4" name="Test" time="22.489" errors="0" timestamp="2023-01-16T03:53:22 MSK">
  <testcase classname="ProjectForTest.homePage" name="PageNavigation" time="3.345"/>
  <testcase classname="ProjectForTest.homePage" name="PageNavigation" time="1.674"/>
  <testcase classname="ProjectForTest.basePanelBar" name="basePanelBarTest" time="0.045"/>
  <testcase classname="ProjectForTest.TitleTest" name="PageNavigationForTitle" time="0.027"/>
</testsuite> <!-- Test -->
